[debug] [2026-01-07T05:02:07.424Z] ----------------------------------------------------------------------
[debug] [2026-01-07T05:02:07.429Z] Command:       C:\nvm4w\nodejs\node.exe C:\nvm4w\nodejs\node_modules\firebase-tools\lib\bin\firebase.js deploy --only hosting --non-interactive --project taxcalcng-910b8 --debug
[debug] [2026-01-07T05:02:07.429Z] CLI Version:   14.25.0
[debug] [2026-01-07T05:02:07.429Z] Platform:      win32
[debug] [2026-01-07T05:02:07.430Z] Node Version:  v20.19.3
[debug] [2026-01-07T05:02:07.430Z] Time:          Wed Jan 07 2026 06:02:07 GMT+0100 (West Africa Standard Time)
[debug] [2026-01-07T05:02:07.430Z] ----------------------------------------------------------------------
[debug] 
[debug] [2026-01-07T05:02:07.702Z] > command requires scopes: ["email","openid","https://www.googleapis.com/auth/cloudplatformprojects.readonly","https://www.googleapis.com/auth/firebase","https://www.googleapis.com/auth/cloud-platform"]
[debug] [2026-01-07T05:02:07.704Z] > authorizing via signed-in user (dispiff@gmail.com)
[debug] [2026-01-07T05:02:07.705Z] [iam] checking project taxcalcng-910b8 for permissions ["firebase.projects.get","firebasehosting.sites.update"]
[debug] [2026-01-07T05:02:07.708Z] Checked if tokens are valid: true, expires at: 1767764368834
[debug] [2026-01-07T05:02:07.709Z] Checked if tokens are valid: true, expires at: 1767764368834
[debug] [2026-01-07T05:02:07.710Z] >>> [apiv2][query] POST https://cloudresourcemanager.googleapis.com/v1/projects/taxcalcng-910b8:testIamPermissions [none]
[debug] [2026-01-07T05:02:07.711Z] >>> [apiv2][(partial)header] POST https://cloudresourcemanager.googleapis.com/v1/projects/taxcalcng-910b8:testIamPermissions x-goog-quota-user=projects/taxcalcng-910b8
[debug] [2026-01-07T05:02:07.712Z] >>> [apiv2][body] POST https://cloudresourcemanager.googleapis.com/v1/projects/taxcalcng-910b8:testIamPermissions {"permissions":["firebase.projects.get","firebasehosting.sites.update"]}
[debug] [2026-01-07T05:02:08.681Z] <<< [apiv2][status] POST https://cloudresourcemanager.googleapis.com/v1/projects/taxcalcng-910b8:testIamPermissions 200
[debug] [2026-01-07T05:02:08.681Z] <<< [apiv2][body] POST https://cloudresourcemanager.googleapis.com/v1/projects/taxcalcng-910b8:testIamPermissions {"permissions":["firebase.projects.get","firebasehosting.sites.update"]}
[debug] [2026-01-07T05:02:08.682Z] Checked if tokens are valid: true, expires at: 1767764368834
[debug] [2026-01-07T05:02:08.682Z] Checked if tokens are valid: true, expires at: 1767764368834
[debug] [2026-01-07T05:02:08.683Z] >>> [apiv2][query] GET https://firebase.googleapis.com/v1beta1/projects/taxcalcng-910b8 [none]
[debug] [2026-01-07T05:02:09.242Z] <<< [apiv2][status] GET https://firebase.googleapis.com/v1beta1/projects/taxcalcng-910b8 200
[debug] [2026-01-07T05:02:09.243Z] <<< [apiv2][body] GET https://firebase.googleapis.com/v1beta1/projects/taxcalcng-910b8 {"projectId":"taxcalcng-910b8","projectNumber":"601667141906","displayName":"taxcalcng","name":"projects/taxcalcng-910b8","resources":{"hostingSite":"taxcalcng-910b8"},"state":"ACTIVE","etag":"1_d4245b1d-4d70-4063-8283-c573989b1961"}
[info] 
[info] === Deploying to 'taxcalcng-910b8'...
[info] 
[info] i  deploying hosting 
[debug] [2026-01-07T05:02:09.248Z] Checked if tokens are valid: true, expires at: 1767764368834
[debug] [2026-01-07T05:02:09.248Z] Checked if tokens are valid: true, expires at: 1767764368834
[debug] [2026-01-07T05:02:09.249Z] >>> [apiv2][query] POST https://firebasehosting.googleapis.com/v1beta1/projects/-/sites/taxcalcng-910b8/versions [none]
[debug] [2026-01-07T05:02:09.249Z] >>> [apiv2][body] POST https://firebasehosting.googleapis.com/v1beta1/projects/-/sites/taxcalcng-910b8/versions {"status":"CREATED","labels":{"deployment-tool":"cli-firebase"}}
[debug] [2026-01-07T05:02:10.369Z] <<< [apiv2][status] POST https://firebasehosting.googleapis.com/v1beta1/projects/-/sites/taxcalcng-910b8/versions 200
[debug] [2026-01-07T05:02:10.369Z] <<< [apiv2][body] POST https://firebasehosting.googleapis.com/v1beta1/projects/-/sites/taxcalcng-910b8/versions {"name":"projects/601667141906/sites/taxcalcng-910b8/versions/9ae05e364991867c","status":"CREATED","config":{},"labels":{"deployment-tool":"cli-firebase"}}
[info] i  hosting[taxcalcng-910b8]: beginning deploy... 
[info] i  hosting[taxcalcng-910b8]: found 129 files in out 
[debug] [2026-01-07T05:02:10.402Z] [hosting] uploading with 200 concurrency
[debug] [2026-01-07T05:02:10.410Z] Checked if tokens are valid: true, expires at: 1767764368834
[debug] [2026-01-07T05:02:10.410Z] Checked if tokens are valid: true, expires at: 1767764368834
[debug] [2026-01-07T05:02:10.413Z] [hosting] hash cache [b3V0] stored for 129 files
[debug] [2026-01-07T05:02:10.413Z] [hosting][hash queue][FINAL] {"max":3,"min":0,"avg":0.8241499949371951,"active":0,"complete":129,"success":129,"errored":0,"retried":0,"total":129,"elapsed":9}
[debug] [2026-01-07T05:02:10.414Z] >>> [apiv2][query] POST https://firebasehosting.googleapis.com/v1beta1/projects/601667141906/sites/taxcalcng-910b8/versions/9ae05e364991867c:populateFiles [none]
[debug] [2026-01-07T05:02:10.414Z] >>> [apiv2][body] POST https://firebasehosting.googleapis.com/v1beta1/projects/601667141906/sites/taxcalcng-910b8/versions/9ae05e364991867c:populateFiles {"files":{"/__next.__PAGE__.txt":"95311ee348daac32b98be4e83743e2f00bd2f63e79a15d8cfb277a00ae920706","/__next._tree.txt":"5e2615a9548c491469a0bb2fc8a8f9ad2af2c2804233caf32261535d233e134f","/__next._index.txt":"a8e60fc5559a09da21573a44f4ee3f1de5994f04af3659e360d8f9d6f53ecafa","/__next._head.txt":"042fc2e901c04dd30d98e3143af1d2c15a9561a458a471eb3b55125d1e7cb523","/__next._full.txt":"00315840a8f13ede3bff5ca79a2ecd0d5ad3959d9fb962a2225343b0e0e364c0","/_not-found.txt":"3b14717d90b75826bec4dc400983d4c934e72c489015581b4b366ddc0520e8e4","/_not-found.html":"294e588d164b06f21e8ac535d77639c3bd992598841f2fccb59138d97f16f987","/window.svg":"6bd2003bd35bb32c1c0d99ab3aeac0cc1edaefd79f27df1d954bc87184048d74","/vercel.svg":"529a1a21b4a82475a82db26173c28d7b27e2dc9d4b900eaf1c5329d96eea4ddd","/next.svg":"0665b9ab4493aa9d7e988b57024e28772ae543e804b8cf6b0a3633854b7c3c7f","/learn.txt":"d0ddc5522d6e2c25b95268d16ceea107a3f1bc7f0e518246d558ecf0b6febb4d","/learn.html":"2586a565077dcf893838f1c756028c8ef30d7943b81facc79550b6458e6f729e","/index.txt":"00315840a8f13ede3bff5ca79a2ecd0d5ad3959d9fb962a2225343b0e0e364c0","/index.html":"e606fd9c650b54268fe8e325f7557a7b4c27405c2336ae460099e2816b1bac5c","/globe.svg":"6502a3e6120bf2d6e8417e7c40bb57fb8a6954de9c86d3f43076a75b60cd23a2","/file.svg":"5a09df6187e21aa9a7d05094389385876ac93c818e1dcbb77a26a8fe408bf79c","/favicon.ico":"36eaaa9259cda5765c4061fa8b7bf61c74dbda3a2a721a0811c73f5dae61a2e9","/404.html":"294e588d164b06f21e8ac535d77639c3bd992598841f2fccb59138d97f16f987","/_not-found/__next._tree.txt":"2263c2360c388765eacc95c68bf6ebcbf86cc0d863d2dc49cdaadd48c6ad3952","/_not-found/__next._not-found.txt":"9f873416ad68207ab776112368cacc5e2b13689310c02825bb250567b544f8f9","/_not-found/__next._index.txt":"a8e60fc5559a09da21573a44f4ee3f1de5994f04af3659e360d8f9d6f53ecafa","/_not-found/__next._head.txt":"0cf427b18df77ff61793ac98a81b7ee2ff3c59a126cf3d6426f8606841ab8604","/_not-found/__next._full.txt":"3b14717d90b75826bec4dc400983d4c934e72c489015581b4b366ddc0520e8e4","/_not-found/__next._not-found/__PAGE__.txt":"f65c7db6f7a7ffbab78e45443139e9db47389ca306c1fcf90ca80712df5082ac","/_next/static/media/favicon.0b3bf435.ico":"36eaaa9259cda5765c4061fa8b7bf61c74dbda3a2a721a0811c73f5dae61a2e9","/_next/static/media/ad66f9afd8947f86-s.7a40eb73.woff2":"21b0ae0980798b857a8228d5c0a8a31372bd0b5db034530c056f3b36b037e482","/_next/static/media/9c72aa0f40e4eef8-s.18a48cbc.woff2":"aeb03c5c1522d2fe6f6384711817dbd6cdbbb3dfa99276adf7325e9eacdae1ee","/_next/static/media/83afe278b6a6bb3c-s.p.3a6ba036.woff2":"86835ac53a0e1de04820388d01b501389d5e9311509282b5e3bfbfc752754083","/_next/static/media/5476f68d60460930-s.c995e352.woff2":"c4de9995b3bb8a73da02308cb75721515f897229c3c422e51304e8afc4bdeccd","/_next/static/media/2c55a0e60120577a-s.2a48534a.woff2":"4ca02247386c89e13dde6791dd0632e3f22aaf94e91bc35ece0edf79ff3e0e77","/_next/static/media/2bbe8d2671613f1f-s.76dcb0b2.woff2":"5ef466d8ca6f4a51fa3751faea59ad2f63b15dbf9782ae4246bcadacc57f6b8f","/_next/static/media/1bffadaabf893a1e-s.7cd81963.woff2":"cd2992a875e4939d47289a3cc44c8b8a0e63817f4cc9fbd8b3bdf93b5f66fbb3","/_next/static/I623akPQOBEw9Bf7Vqef9/_ssgManifest.js":"dc28a4dc92fe352ed5d2201bd3972ce47691bc8e89e0400a68d1541d0567c6d5","/_next/static/I623akPQOBEw9Bf7Vqef9/_clientMiddlewareManifest.json":"61663fde99b3394d71653f41c19fe91269442622a4a6695f8352a70fbf5ca4c1","/_next/static/I623akPQOBEw9Bf7Vqef9/_buildManifest.js":"dcbe1c9b9159ca21caea98e1bad364012ae284e9551375ca62b83d2811efac91","/_next/static/chunks/turbopack-d8236c420ff68f06.js":"4a4fb74685e7c03c31a36acb94da265cc60a1476cd6d80344e9059fecdec9ab5","/_next/static/chunks/ff1a16fafef87110.js":"1c5ce9de9f2087594a99c79ed2344979288c2efaeb57adf3aecb7d6c8dfa5bcf","/_next/static/chunks/fbb703262654658c.js":"c89772fd70b4b8d4e79f419ddbf17f45a0c46043164d310db660ccd81301bdd2","/_next/static/chunks/f33b93f9b056646e.js":"26f730015f986178e9c8569b1e593bc148c0a56bfbf1e5125dc447df096f807e","/_next/static/chunks/efe50401ae8f04d3.js":"1822cc5bb9d9a097469da4243f5c4c7af2807df0863ea94923237046fd20595d","/_next/static/chunks/ec67f231a4d0793b.js":"35e65b03342cb96acf7eb02e22fdca2548bee2645eda2bb2806e6a7231d81730","/_next/static/chunks/d6ca41252c607296.js":"fe507ad9187c4fd69aea5eb0b159386d6a174052f64fc4e118f225f20ae18de2","/_next/static/chunks/d539f234d37e49f0.js":"d1178ad7fae3f8ff4106974363cd1b22f2f209a4c7e2755a685a5db4fe3706d1","/_next/static/chunks/c2f1b4069076a3cb.js":"90f6a564d0a9d3625e817563d0ea0852d08020d32aa5ad02b0f26371242ba509","/_next/static/chunks/c001e8dd99ea70a1.js":"4294d1c296409f179149e860c6c0bbf8e7384b46ebb946b4782ae0df4a81a060","/_next/static/chunks/aeca31833b607f97.js":"fb8376bdff2dd4fa3a34d0a0ad3b87f21174d069346fb2c569b03b12d37b4836","/_next/static/chunks/a845a7466fe4390e.js":"0f6850a90cd406bfe94124f452da454b54a5665d591578dce4bcb1a77b73c73a","/_next/static/chunks/a6dad97d9634a72d.js":"18e28d3214eda45048d80d3925ea7627b809e69ad2e95f7f98459e9146a61c3d","/_next/static/chunks/949610b9d8a6be24.css":"71224be9752de4d8d8d57785856a24a9812ff477a258874c7828403dd96c892c","/_next/static/chunks/8d4a0400a3d7020b.js":"0581cae97eafec046edf34c2c0f6a8167c170bbc2a208c6697b60b965767febb","/_next/static/chunks/64c0a5e3a0354479.js":"d4d2301099c5f54eea985981c7b442d4656049965f894b486c6a9ac8127a13f6","/_next/static/chunks/6241cac1bd5b1e91.js":"3954b0e6cb6063aa497f754a360af60ad909037c5de5a3b6a8175808ea5ae297","/_next/static/chunks/5e7bc5d83b70d340.js":"89a164979f84f7676ae0707bd2270ab478c50bbc33dce25bf14cb24d214bd1a9","/_next/static/chunks/5603c701a5cf3c81.js":"da2fc714c699c4a14594ef4d6419ae03947eba2321d854ef9371832ebd99fdf7","/_next/static/chunks/518d11e281e31f43.js":"1910c8b4d28789ce13680bcd6ea64cdd5d4291e49fe8ab00d932f2661037db48","/_next/static/chunks/4c6cc67b3166dac1.js":"eaef5a44a29430a379fee7d970f5fdb2b3e7d9f8aaeb2cb3809069a85c55dddf","/_next/static/chunks/46a23f75ac7a6494.js":"98ee64f8120c53a3fc952e02381788b18b2437b425d4741563976706a7b9084a","/_next/static/chunks/0bc99dc82bdf0668.js":"ab8678390a0aaa5157caaffbd1d8a534fa941d1065d932e0988c5650ac88ca1b","/_next/static/chunks/0a91de330677a49b.js":"aa2965b218d896d29f2b416c627a3f34a61dd40dcdb0f5c094f3f9b499fdf2ca","/_next/static/chunks/01501fb947c2a55f.js":"eb1a47cf13c9349d8e9603076da5598c1a147bc414595064d9a9ea5cee25d21a","/learn/__next._tree.txt":"efdba62ab6ae8ecb78b328dd60ffdcca5627e8defe300c525a315bbea4b1951b","/learn/__next._index.txt":"a8e60fc5559a09da21573a44f4ee3f1de5994f04af3659e360d8f9d6f53ecafa","/learn/__next._head.txt":"042fc2e901c04dd30d98e3143af1d2c15a9561a458a471eb3b55125d1e7cb523","/learn/__next._full.txt":"d0ddc5522d6e2c25b95268d16ceea107a3f1bc7f0e518246d558ecf0b6febb4d","/learn/__next.learn.txt":"9f873416ad68207ab776112368cacc5e2b13689310c02825bb250567b544f8f9","/learn/__next.learn/__PAGE__.txt":"b4a5b3d902cd3cce2f156cd76a890f86adb48e6ce70a5cc63b361377aee4c582","/calculator/vat.txt":"000b3263ecc0a6dff148c6ab6283ac269f0e92ebc9ee8a8d97bbb11a5b16a351","/calculator/vat.html":"18dc0552b201f61378a55c12192633c7e42eb44cb1b39a5ec104abee078f8063","/calculator/stamp-duties.txt":"570d8a9ecc790994bcc6b2fcb7b7345396b39afa4916538537c948b0e97f4ddb","/calculator/stamp-duties.html":"53075afddaa009eaf4064e93f6d90bbe6ae0cddc6cc99e3edd2e2f893a4096b0","/calculator/remote-work.txt":"9483ad710c037fab0c58af22087fb292bab1478b87067b02d3e5f6417f338dbc","/calculator/remote-work.html":"ae21d37b09205c6a39181a3cd40fef73fc7fe1ffa54570fae41172d596019a82","/calculator/pit.txt":"38a8adb1278ef59dfe01582b5b438a1bbe6062bcf7e7f701b33a2d90c271b582","/calculator/pit.html":"1459c18a61572946328e6668643001815253af3b7418be3269581c24042ebb44","/calculator/crypto.txt":"a6898fb4590ba7e9a1faf570709c2bc956794b24f149fc0338f42260ca5df457","/calculator/crypto.html":"394fa76b52b4b1230815a0b22df1cd79abb7ada90c4b56ca21a474c7643b4f68","/calculator/cit.txt":"888453a2b60c6112b4387d441c26fdbd99f48cddac9d7be5af2dff4e6a4ac4a8","/calculator/cit.html":"978d4fd948bb3104298ce9d9c7584d48da398415f6656faa9fa6665b23a71a68","/calculator/cgt.txt":"f28b79f7315b4c78bd692361299de0921df64bf10e8c49b6ac3e7706c8107f56","/calculator/cgt.html":"b483238fc8c17350b210d36914f0cd8447938a073f24aa75c056d1507d3e2889","/calculator/vat/__next._tree.txt":"2cc06312ccefcc615eab3dbe39f6d25a1876492800a0c9c3cd2846cfeca72084","/calculator/vat/__next._index.txt":"a8e60fc5559a09da21573a44f4ee3f1de5994f04af3659e360d8f9d6f53ecafa","/calculator/vat/__next._head.txt":"042fc2e901c04dd30d98e3143af1d2c15a9561a458a471eb3b55125d1e7cb523","/calculator/vat/__next._full.txt":"000b3263ecc0a6dff148c6ab6283ac269f0e92ebc9ee8a8d97bbb11a5b16a351","/calculator/vat/__next.calculator.txt":"9f873416ad68207ab776112368cacc5e2b13689310c02825bb250567b544f8f9","/calculator/vat/__next.calculator/vat.txt":"9f873416ad68207ab776112368cacc5e2b13689310c02825bb250567b544f8f9","/calculator/vat/__next.calculator/vat/__PAGE__.txt":"6c1e53dd132a0a352e81297c335cc3811fc6519c8e5218a2ff713206e2088e65","/calculator/stamp-duties/__next._tree.txt":"04dd7f5e350d86c739eb1dd0d82fc71990ed1ac25d8b167ca288ab3404595db0","/calculator/stamp-duties/__next._index.txt":"a8e60fc5559a09da21573a44f4ee3f1de5994f04af3659e360d8f9d6f53ecafa","/calculator/stamp-duties/__next._head.txt":"042fc2e901c04dd30d98e3143af1d2c15a9561a458a471eb3b55125d1e7cb523","/calculator/stamp-duties/__next._full.txt":"570d8a9ecc790994bcc6b2fcb7b7345396b39afa4916538537c948b0e97f4ddb","/calculator/stamp-duties/__next.calculator.txt":"9f873416ad68207ab776112368cacc5e2b13689310c02825bb250567b544f8f9","/calculator/stamp-duties/__next.calculator/stamp-duties.txt":"9f873416ad68207ab776112368cacc5e2b13689310c02825bb250567b544f8f9","/calculator/stamp-duties/__next.calculator/stamp-duties/__PAGE__.txt":"6ecb2d5771b4a483a9377e4966ad6843e280ca53d4cb34a3633d48a0d0731076","/calculator/remote-work/__next._tree.txt":"a16fca15a66a88731ebbd3767f6fbe1de0327e5212deaf0120638298adf2e8bd","/calculator/remote-work/__next._index.txt":"a8e60fc5559a09da21573a44f4ee3f1de5994f04af3659e360d8f9d6f53ecafa","/calculator/remote-work/__next._head.txt":"042fc2e901c04dd30d98e3143af1d2c15a9561a458a471eb3b55125d1e7cb523","/calculator/remote-work/__next._full.txt":"9483ad710c037fab0c58af22087fb292bab1478b87067b02d3e5f6417f338dbc","/calculator/remote-work/__next.calculator.txt":"9f873416ad68207ab776112368cacc5e2b13689310c02825bb250567b544f8f9","/calculator/remote-work/__next.calculator/remote-work.txt":"9f873416ad68207ab776112368cacc5e2b13689310c02825bb250567b544f8f9","/calculator/remote-work/__next.calculator/remote-work/__PAGE__.txt":"da334752ac3898abcc726292f0774d6a6a2828007b38ef7a5fa7bd2f36fbe835","/calculator/pit/__next._tree.txt":"5142ba85e62b2b61b69c91a57eb3913f35b148b3833a298e554ad2afa68d06bf","/calculator/pit/__next._index.txt":"a8e60fc5559a09da21573a44f4ee3f1de5994f04af3659e360d8f9d6f53ecafa","/calculator/pit/__next._head.txt":"042fc2e901c04dd30d98e3143af1d2c15a9561a458a471eb3b55125d1e7cb523","/calculator/pit/__next._full.txt":"38a8adb1278ef59dfe01582b5b438a1bbe6062bcf7e7f701b33a2d90c271b582","/calculator/pit/__next.calculator.txt":"9f873416ad68207ab776112368cacc5e2b13689310c02825bb250567b544f8f9","/calculator/pit/__next.calculator/pit.txt":"9f873416ad68207ab776112368cacc5e2b13689310c02825bb250567b544f8f9","/calculator/pit/__next.calculator/pit/__PAGE__.txt":"a19eb433f9c29a9f5df7148493a89e97ad6ad31dcb80b8d4518f8c40493a7056","/calculator/crypto/__next._tree.txt":"e252487fe951b3e533f0b494edbb139bc471bf2e903fc48521d065e18db2f258","/calculator/crypto/__next._index.txt":"a8e60fc5559a09da21573a44f4ee3f1de5994f04af3659e360d8f9d6f53ecafa","/calculator/crypto/__next._head.txt":"042fc2e901c04dd30d98e3143af1d2c15a9561a458a471eb3b55125d1e7cb523","/calculator/crypto/__next._full.txt":"a6898fb4590ba7e9a1faf570709c2bc956794b24f149fc0338f42260ca5df457","/calculator/crypto/__next.calculator.txt":"9f873416ad68207ab776112368cacc5e2b13689310c02825bb250567b544f8f9","/calculator/crypto/__next.calculator/crypto.txt":"9f873416ad68207ab776112368cacc5e2b13689310c02825bb250567b544f8f9","/calculator/crypto/__next.calculator/crypto/__PAGE__.txt":"c588108997aac031c4112bf2a126f53cec1c3707e2bf486c6a65871deb1442d3","/calculator/cit/__next._tree.txt":"53c56bd1655a0b2ab775487dc7e8b546558ad27ae5fc6ecf6c0010503d7eeb66","/calculator/cit/__next._index.txt":"a8e60fc5559a09da21573a44f4ee3f1de5994f04af3659e360d8f9d6f53ecafa","/calculator/cit/__next._head.txt":"042fc2e901c04dd30d98e3143af1d2c15a9561a458a471eb3b55125d1e7cb523","/calculator/cit/__next._full.txt":"888453a2b60c6112b4387d441c26fdbd99f48cddac9d7be5af2dff4e6a4ac4a8","/calculator/cit/__next.calculator.txt":"9f873416ad68207ab776112368cacc5e2b13689310c02825bb250567b544f8f9","/calculator/cit/__next.calculator/cit.txt":"9f873416ad68207ab776112368cacc5e2b13689310c02825bb250567b544f8f9","/calculator/cit/__next.calculator/cit/__PAGE__.txt":"f0049632385466b39e126c1c738faa1fd572985a6fa02272e830e0596fb5b409","/calculator/cgt/__next._tree.txt":"104751b95eda2e00f9125adbf6fd08411c8670d0212a8320efea36ac596b545d","/calculator/cgt/__next._index.txt":"a8e60fc5559a09da21573a44f4ee3f1de5994f04af3659e360d8f9d6f53ecafa","/calculator/cgt/__next._head.txt":"042fc2e901c04dd30d98e3143af1d2c15a9561a458a471eb3b55125d1e7cb523","/calculator/cgt/__next._full.txt":"f28b79f7315b4c78bd692361299de0921df64bf10e8c49b6ac3e7706c8107f56","/calculator/cgt/__next.calculator.txt":"9f873416ad68207ab776112368cacc5e2b13689310c02825bb250567b544f8f9","/calculator/cgt/__next.calculator/cgt.txt":"9f873416ad68207ab776112368cacc5e2b13689310c02825bb250567b544f8f9","/calculator/cgt/__next.calculator/cgt/__PAGE__.txt":"93911ff309896a4b392ba20b152c0b7bbde144e3201565927b00ab305afc0159"}}
[debug] [2026-01-07T05:02:10.767Z] <<< [apiv2][status] POST https://firebasehosting.googleapis.com/v1beta1/projects/601667141906/sites/taxcalcng-910b8/versions/9ae05e364991867c:populateFiles 200
[debug] [2026-01-07T05:02:10.767Z] <<< [apiv2][body] POST https://firebasehosting.googleapis.com/v1beta1/projects/601667141906/sites/taxcalcng-910b8/versions/9ae05e364991867c:populateFiles {"uploadUrl":"https://upload-firebasehosting.googleapis.com/upload/sites/taxcalcng-910b8/versions/9ae05e364991867c/files"}
[debug] [2026-01-07T05:02:10.768Z] [hosting][populate queue][FINAL] {"max":358,"min":358,"avg":358,"active":0,"complete":1,"success":1,"errored":0,"retried":0,"total":1,"elapsed":358}
[debug] [2026-01-07T05:02:10.768Z] [hosting] uploads queued: 0
[debug] [2026-01-07T05:02:10.768Z] [hosting][upload queue][FINAL] {"max":0,"min":9999999999,"avg":0,"active":0,"complete":0,"success":0,"errored":0,"retried":0,"total":0,"elapsed":1767762130768}
[info] i  hosting: upload complete 
[info] +  hosting[taxcalcng-910b8]: file upload complete 
[debug] [2026-01-07T05:02:10.769Z] [hosting] deploy completed after 396ms
[debug] [2026-01-07T05:02:10.770Z] [
  {
    "config": {
      "public": "out",
      "ignore": [
        "firebase.json",
        "**/.*",
        "**/node_modules/**"
      ],
      "rewrites": [
        {
          "source": "**",
          "destination": "/index.html"
        }
      ],
      "site": "taxcalcng-910b8"
    },
    "version": "projects/601667141906/sites/taxcalcng-910b8/versions/9ae05e364991867c"
  }
]
[info] i  hosting[taxcalcng-910b8]: finalizing version... 
[debug] [2026-01-07T05:02:10.771Z] Checked if tokens are valid: true, expires at: 1767764368834
[debug] [2026-01-07T05:02:10.772Z] Checked if tokens are valid: true, expires at: 1767764368834
[debug] [2026-01-07T05:02:10.773Z] >>> [apiv2][query] PATCH https://firebasehosting.googleapis.com/v1beta1/projects/-/sites/taxcalcng-910b8/versions/9ae05e364991867c updateMask=status%2Cconfig
[debug] [2026-01-07T05:02:10.774Z] >>> [apiv2][body] PATCH https://firebasehosting.googleapis.com/v1beta1/projects/-/sites/taxcalcng-910b8/versions/9ae05e364991867c {"status":"FINALIZED","config":{"rewrites":[{"glob":"**","path":"/index.html"}]}}
[debug] [2026-01-07T05:02:11.054Z] <<< [apiv2][status] PATCH https://firebasehosting.googleapis.com/v1beta1/projects/-/sites/taxcalcng-910b8/versions/9ae05e364991867c 200
[debug] [2026-01-07T05:02:11.054Z] <<< [apiv2][body] PATCH https://firebasehosting.googleapis.com/v1beta1/projects/-/sites/taxcalcng-910b8/versions/9ae05e364991867c {"name":"projects/601667141906/sites/taxcalcng-910b8/versions/9ae05e364991867c","status":"FINALIZED","config":{"rewrites":[{"glob":"**","path":"/index.html"}]},"labels":{"deployment-tool":"cli-firebase"},"createTime":"2026-01-07T05:02:10.160161Z","createUser":{"email":"dispiff@gmail.com"},"finalizeTime":"2026-01-07T05:02:10.956772Z","finalizeUser":{"email":"dispiff@gmail.com"}}
[debug] [2026-01-07T05:02:11.055Z] [hosting] finalized version for taxcalcng-910b8:[object Object]
[info] +  hosting[taxcalcng-910b8]: version finalized 
[info] i  hosting[taxcalcng-910b8]: releasing new version... 
[debug] [2026-01-07T05:02:11.057Z] Checked if tokens are valid: true, expires at: 1767764368834
[debug] [2026-01-07T05:02:11.057Z] Checked if tokens are valid: true, expires at: 1767764368834
[debug] [2026-01-07T05:02:11.057Z] >>> [apiv2][query] POST https://firebasehosting.googleapis.com/v1beta1/projects/-/sites/taxcalcng-910b8/channels/live/releases versionName=projects%2F601667141906%2Fsites%2Ftaxcalcng-910b8%2Fversions%2F9ae05e364991867c
[debug] [2026-01-07T05:02:11.058Z] >>> [apiv2][body] POST https://firebasehosting.googleapis.com/v1beta1/projects/-/sites/taxcalcng-910b8/channels/live/releases {}
[debug] [2026-01-07T05:02:11.365Z] <<< [apiv2][status] POST https://firebasehosting.googleapis.com/v1beta1/projects/-/sites/taxcalcng-910b8/channels/live/releases 200
[debug] [2026-01-07T05:02:11.366Z] <<< [apiv2][body] POST https://firebasehosting.googleapis.com/v1beta1/projects/-/sites/taxcalcng-910b8/channels/live/releases {"name":"projects/601667141906/sites/taxcalcng-910b8/channels/live/releases/1767762130732000","version":{"name":"projects/601667141906/sites/taxcalcng-910b8/versions/9ae05e364991867c","status":"FINALIZED","config":{"rewrites":[{"glob":"**","path":"/index.html"}]},"labels":{"deployment-tool":"cli-firebase"},"createTime":"2026-01-07T05:02:10.160161Z","createUser":{"email":"dispiff@gmail.com","imageUrl":"https://lh3.googleusercontent.com/a/ACg8ocInJutNUme4qGX3ZkG0msU3rbbNCS37GOY7-Xb6cxJ1eU7a1w=mo"},"finalizeTime":"2026-01-07T05:02:10.956772Z","finalizeUser":{"email":"dispiff@gmail.com","imageUrl":"https://lh3.googleusercontent.com/a/ACg8ocInJutNUme4qGX3ZkG0msU3rbbNCS37GOY7-Xb6cxJ1eU7a1w=mo"}},"type":"DEPLOY","releaseTime":"2026-01-07T05:02:10.732Z","releaseUser":{"email":"dispiff@gmail.com","imageUrl":"https://lh3.googleusercontent.com/a/ACg8ocInJutNUme4qGX3ZkG0msU3rbbNCS37GOY7-Xb6cxJ1eU7a1w=mo"}}
[debug] [2026-01-07T05:02:11.366Z] [hosting] release: {"name":"projects/601667141906/sites/taxcalcng-910b8/channels/live/releases/1767762130732000","version":{"name":"projects/601667141906/sites/taxcalcng-910b8/versions/9ae05e364991867c","status":"FINALIZED","config":{"rewrites":[{"glob":"**","path":"/index.html"}]},"labels":{"deployment-tool":"cli-firebase"},"createTime":"2026-01-07T05:02:10.160161Z","createUser":{"email":"dispiff@gmail.com","imageUrl":"https://lh3.googleusercontent.com/a/ACg8ocInJutNUme4qGX3ZkG0msU3rbbNCS37GOY7-Xb6cxJ1eU7a1w=mo"},"finalizeTime":"2026-01-07T05:02:10.956772Z","finalizeUser":{"email":"dispiff@gmail.com","imageUrl":"https://lh3.googleusercontent.com/a/ACg8ocInJutNUme4qGX3ZkG0msU3rbbNCS37GOY7-Xb6cxJ1eU7a1w=mo"}},"type":"DEPLOY","releaseTime":"2026-01-07T05:02:10.732Z","releaseUser":{"email":"dispiff@gmail.com","imageUrl":"https://lh3.googleusercontent.com/a/ACg8ocInJutNUme4qGX3ZkG0msU3rbbNCS37GOY7-Xb6cxJ1eU7a1w=mo"}}
[info] +  hosting[taxcalcng-910b8]: release complete 
[info] 
[info] +  Deploy complete! 
[info] 
[info] Project Console: https://console.firebase.google.com/project/taxcalcng-910b8/overview
[info] Hosting URL: https://taxcalcng-910b8.web.app
